<?xml version="1.0" encoding="UTF-8"?>
<!-- Generated by org.testng.reporters.JUnitReportReporter -->
<testsuite hostname="DESKTOP-2MQ9SDJ" failures="0" tests="1" name="SellerCreation_Products_Ordering_Fullfill_Return.AddSingleListing" time="99.510" errors="0" timestamp="2021-03-05T10:57:38 IST" skipped="0">
  <testcase classname="SellerCreation_Products_Ordering_Fullfill_Return.AddSingleListing" name="test_AddSingleListing" time="99.510"/>
  <system-out/>
</testsuite> <!-- SellerCreation_Products_Ordering_Fullfill_Return.AddSingleListing -->
