<?xml version="1.0" encoding="UTF-8"?>
<!-- Generated by org.testng.reporters.JUnitReportReporter -->
<testsuite hostname="DESKTOP-2MQ9SDJ" failures="0" tests="2" name="CalleyStandardUpload.CSVfile" time="66.737" errors="0" timestamp="2021-05-06T16:07:12 IST" skipped="0">
  <testcase classname="CalleyStandardUpload.CSVfile" name="testRegister" time="27.521"/>
  <system-out/>
  <testcase classname="CalleyStandardUpload.CSVfile" name="testUploadCSV" time="39.216"/>
  <system-out/>
</testsuite> <!-- CalleyStandardUpload.CSVfile -->
