<?xml version="1.0" encoding="UTF-8"?>
<!-- Generated by org.testng.reporters.JUnitReportReporter -->
<testsuite hostname="DESKTOP-2MQ9SDJ" failures="0" tests="1" name="SellerRegistration.Form1" time="13.823" errors="0" timestamp="2021-03-15T18:09:57 IST" skipped="0">
  <testcase classname="SellerRegistration.Form1" name="testSellerForm1Registration" time="13.823"/>
  <system-out/>
</testsuite> <!-- SellerRegistration.Form1 -->
