<?xml version="1.0" encoding="UTF-8"?>
<!-- Generated by org.testng.reporters.JUnitReportReporter -->
<testsuite hostname="DESKTOP-2MQ9SDJ" failures="0" tests="1" name="OrderBasedCases.orderFullfilling" time="83.258" errors="0" timestamp="2021-03-25T17:58:56 IST" skipped="0">
  <testcase classname="OrderBasedCases.orderFullfilling" name="testFullfillment" time="83.258"/>
  <system-out/>
</testsuite> <!-- OrderBasedCases.orderFullfilling -->
