<?xml version="1.0" encoding="UTF-8"?>
<!-- Generated by org.testng.reporters.JUnitReportReporter -->
<testsuite hostname="DESKTOP-2MQ9SDJ" failures="0" tests="1" name="StoreSetup.SellerLoginDashboardExplanation" time="23.374" errors="0" timestamp="2021-05-21T16:01:22 IST" skipped="0">
  <testcase classname="StoreSetup.SellerLoginDashboardExplanation" name="testRegistrationF2" time="23.374"/>
  <system-out/>
</testsuite> <!-- StoreSetup.SellerLoginDashboardExplanation -->
