<?xml version="1.0" encoding="UTF-8"?>
<!-- Generated by org.testng.reporters.JUnitReportReporter -->
<testsuite hostname="DESKTOP-2MQ9SDJ" failures="0" tests="1" name="StoreSetup.HeaderNavigation" time="13.149" errors="0" timestamp="2021-05-20T11:22:03 IST" skipped="0">
  <testcase classname="StoreSetup.HeaderNavigation" name="testb2cSetup" time="13.149"/>
  <system-out/>
</testsuite> <!-- StoreSetup.HeaderNavigation -->
