<?xml version="1.0" encoding="UTF-8"?>
<!-- Generated by org.testng.reporters.JUnitReportReporter -->
<testsuite hostname="DESKTOP-2MQ9SDJ" failures="0" tests="1" name="StoreSetup.SellerRegistration" time="62.308" errors="0" timestamp="2021-05-22T11:54:09 IST" skipped="0">
  <testcase classname="StoreSetup.SellerRegistration" name="testRegistrationF2" time="62.308"/>
  <system-out/>
</testsuite> <!-- StoreSetup.SellerRegistration -->
