<?xml version="1.0" encoding="UTF-8"?>
<!-- Generated by org.testng.reporters.JUnitReportReporter -->
<testsuite hostname="DESKTOP-2MQ9SDJ" failures="0" tests="1" name="StoreSetup.CategoryAssociation" time="8.843" errors="0" timestamp="2021-05-20T11:52:22 IST" skipped="0">
  <testcase classname="StoreSetup.CategoryAssociation" name="testb2cSetup" time="8.843"/>
  <system-out/>
</testsuite> <!-- StoreSetup.CategoryAssociation -->
