<?xml version="1.0" encoding="UTF-8"?>
<!-- Generated by org.testng.reporters.JUnitReportReporter -->
<testsuite hostname="DESKTOP-2MQ9SDJ" failures="0" tests="1" name="StoreSetup.ProductCreationOnebyOneSeller" time="62.726" errors="0" timestamp="2021-05-22T11:58:46 IST" skipped="0">
  <testcase classname="StoreSetup.ProductCreationOnebyOneSeller" name="testRegistrationF2" time="62.726"/>
  <system-out/>
</testsuite> <!-- StoreSetup.ProductCreationOnebyOneSeller -->
