<?xml version="1.0" encoding="UTF-8"?>
<!-- Generated by org.testng.reporters.JUnitReportReporter -->
<testsuite hostname="DESKTOP-2MQ9SDJ" failures="0" tests="1" name="StoreSetup.AttributeCreation" time="8.923" errors="0" timestamp="2021-05-20T11:43:31 IST" skipped="0">
  <testcase classname="StoreSetup.AttributeCreation" name="testb2cSetup" time="8.923"/>
  <system-out/>
</testsuite> <!-- StoreSetup.AttributeCreation -->
