<?xml version="1.0" encoding="UTF-8"?>
<!-- Generated by org.testng.reporters.JUnitReportReporter -->
<testsuite hostname="DESKTOP-2MQ9SDJ" failures="0" tests="1" name="StoreSetup.FooterNavigation" time="15.625" errors="0" timestamp="2021-05-20T11:24:15 IST" skipped="0">
  <testcase classname="StoreSetup.FooterNavigation" name="testb2cSetup" time="15.625"/>
  <system-out/>
</testsuite> <!-- StoreSetup.FooterNavigation -->
