<?xml version="1.0" encoding="UTF-8"?>
<!-- Generated by org.testng.reporters.JUnitReportReporter -->
<testsuite hostname="DESKTOP-2MQ9SDJ" failures="0" tests="1" name="StoreSetup.EmailSettings" time="11.077" errors="0" timestamp="2021-05-20T11:27:49 IST" skipped="0">
  <testcase classname="StoreSetup.EmailSettings" name="testb2cSetup" time="11.077"/>
  <system-out/>
</testsuite> <!-- StoreSetup.EmailSettings -->
