<?xml version="1.0" encoding="UTF-8"?>
<!-- Generated by org.testng.reporters.JUnitReportReporter -->
<testsuite hostname="DESKTOP-2MQ9SDJ" failures="0" tests="1" name="StoreSetup.B2CMarketplace" time="25.959" errors="0" timestamp="2021-05-20T11:19:33 IST" skipped="0">
  <testcase classname="StoreSetup.B2CMarketplace" name="testb2cSetup" time="25.959"/>
  <system-out/>
</testsuite> <!-- StoreSetup.B2CMarketplace -->
