<?xml version="1.0" encoding="UTF-8"?>
<!-- Generated by org.testng.reporters.JUnitReportReporter -->
<testsuite hostname="DESKTOP-2MQ9SDJ" failures="0" tests="1" name="StoreSetup.CategoryCreation_Comm" time="21.075" errors="0" timestamp="2021-05-20T11:34:47 IST" skipped="0">
  <testcase classname="StoreSetup.CategoryCreation_Comm" name="testb2cSetup" time="21.075"/>
  <system-out/>
</testsuite> <!-- StoreSetup.CategoryCreation_Comm -->
