<?xml version="1.0" encoding="UTF-8"?>
<!-- Generated by org.testng.reporters.JUnitReportReporter -->
<testsuite hostname="DESKTOP-2MQ9SDJ" failures="0" tests="1" name="StoreSetup.StaticContentPages" time="67.363" errors="0" timestamp="2021-05-21T16:27:04 IST" skipped="0">
  <testcase classname="StoreSetup.StaticContentPages" name="testb2cSetup" time="67.363"/>
  <system-out/>
</testsuite> <!-- StoreSetup.StaticContentPages -->
