<?xml version="1.0" encoding="UTF-8"?>
<!-- Generated by org.testng.reporters.JUnitReportReporter -->
<testsuite hostname="DESKTOP-2MQ9SDJ" failures="0" tests="1" name="StoreSetup.RulesForSimiliar" time="24.268" errors="0" timestamp="2021-05-20T11:14:48 IST" skipped="0">
  <testcase classname="StoreSetup.RulesForSimiliar" name="testRegistrationF2" time="24.268"/>
  <system-out/>
</testsuite> <!-- StoreSetup.RulesForSimiliar -->
