<?xml version="1.0" encoding="UTF-8"?>
<!-- Generated by org.testng.reporters.JUnitReportReporter -->
<testsuite hostname="DESKTOP-2MQ9SDJ" failures="0" tests="1" name="StoreSetup.SellerApprovalActivationbyAdmin" time="42.764" errors="0" timestamp="2021-05-22T11:55:24 IST" skipped="0">
  <testcase classname="StoreSetup.SellerApprovalActivationbyAdmin" name="sellerApproving" time="42.764"/>
  <system-out/>
</testsuite> <!-- StoreSetup.SellerApprovalActivationbyAdmin -->
