<?xml version="1.0" encoding="UTF-8"?>
<!-- Generated by org.testng.reporters.JUnitReportReporter -->
<testsuite hostname="DESKTOP-2MQ9SDJ" failures="0" tests="1" name="StoreSetup.ProductTypeCreation" time="20.433" errors="0" timestamp="2021-05-20T13:02:23 IST" skipped="0">
  <testcase classname="StoreSetup.ProductTypeCreation" name="testb2cSetup" time="20.433"/>
  <system-out/>
</testsuite> <!-- StoreSetup.ProductTypeCreation -->
